<?xml version="1.0" encoding="UTF-8"?>
<!-- Generated by org.testng.reporters.JUnitReportReporter -->
<testsuite skipped="0" hostname="Ashan" name="testCases.TC_VideoGameAPI" tests="5" failures="0" timestamp="2020-10-25T17:02:01 IST" time="8.702" errors="0">
  <testcase name="test_getAllVideoGames" time="3.826" classname="testCases.TC_VideoGameAPI"/>
  <system-out/>
  <testcase name="test_addNewVideoGame" time="0.525" classname="testCases.TC_VideoGameAPI"/>
  <system-out/>
  <testcase name="test_getVideoGame" time="1.182" classname="testCases.TC_VideoGameAPI"/>
  <system-out/>
  <testcase name="test_UpdateVideoGame" time="0.122" classname="testCases.TC_VideoGameAPI"/>
  <system-out/>
  <testcase name="test_DeleteVideoGame" time="3.047" classname="testCases.TC_VideoGameAPI"/>
  <system-out/>
</testsuite> <!-- testCases.TC_VideoGameAPI -->
